Copyright 1986-2018 Xilinx, Inc. All Rights Reserved.
------------------------------------------------------------------------------------
| Tool Version : Vivado v.2018.3 (win64) Build 2405991 Thu Dec  6 23:38:27 MST 2018
| Date         : Tue Nov 12 15:27:13 2024
| Host         : DESKTOP-494Q00J running 64-bit major release  (build 9200)
| Command      : upgrade_ip
| Device       : xc7a100tfgg484-2
------------------------------------------------------------------------------------

Upgrade Log for IP 'xbip_multadd_1'

1. Summary
----------

SUCCESS in the conversion of xbip_multadd_1 (xilinx.com:ip:xbip_multadd:3.0 (Rev. 13)) to Vivado generation flows.






Copyright 1986-2018 Xilinx, Inc. All Rights Reserved.
------------------------------------------------------------------------------------
| Tool Version : Vivado v.2018.3 (win64) Build 2405991 Thu Dec  6 23:38:27 MST 2018
| Date         : Tue Nov 12 15:27:12 2024
| Host         : DESKTOP-494Q00J running 64-bit major release  (build 9200)
| Command      : upgrade_ip
| Device       : xc7a100tfgg484-2
------------------------------------------------------------------------------------

Upgrade Log for IP 'xbip_multadd_0'

1. Summary
----------

SUCCESS in the conversion of xbip_multadd_0 (xilinx.com:ip:xbip_multadd:3.0 (Rev. 13)) to Vivado generation flows.






Copyright 1986-2018 Xilinx, Inc. All Rights Reserved.
------------------------------------------------------------------------------------
| Tool Version : Vivado v.2018.3 (win64) Build 2405991 Thu Dec  6 23:38:27 MST 2018
| Date         : Tue Nov 12 15:26:51 2024
| Host         : DESKTOP-494Q00J running 64-bit major release  (build 9200)
| Command      : upgrade_ip
| Device       : xc7a100tfgg484-2
------------------------------------------------------------------------------------

Upgrade Log for IP 'jtag_axi_0'

1. Summary
----------

SUCCESS in the conversion of jtag_axi_0 (xilinx.com:ip:jtag_axi:1.2 (Rev. 8)) to Vivado generation flows.






Copyright 1986-2018 Xilinx, Inc. All Rights Reserved.
------------------------------------------------------------------------------------
| Tool Version : Vivado v.2018.3 (win64) Build 2405991 Thu Dec  6 23:38:27 MST 2018
| Date         : Tue Nov 12 15:26:51 2024
| Host         : DESKTOP-494Q00J running 64-bit major release  (build 9200)
| Command      : upgrade_ip
| Device       : xc7a100tfgg484-2
------------------------------------------------------------------------------------

Upgrade Log for IP 'axi_bram_ctrl_0'

1. Summary
----------

SUCCESS in the conversion of axi_bram_ctrl_0 (xilinx.com:ip:axi_bram_ctrl:4.1) to Vivado generation flows.






Copyright 1986-2018 Xilinx, Inc. All Rights Reserved.
------------------------------------------------------------------------------------
| Tool Version : Vivado v.2018.3 (win64) Build 2405991 Thu Dec  6 23:38:27 MST 2018
| Date         : Tue Nov 12 15:26:46 2024
| Host         : DESKTOP-494Q00J running 64-bit major release  (build 9200)
| Command      : upgrade_ip
| Device       : xc7a100tfgg484-2
------------------------------------------------------------------------------------

Upgrade Log for IP 'bram_0'

1. Summary
----------

SUCCESS in the conversion of bram_0 (xilinx.com:ip:blk_mem_gen:8.4 (Rev. 2)) to Vivado generation flows.






Copyright 1986-2018 Xilinx, Inc. All Rights Reserved.
------------------------------------------------------------------------------------
| Tool Version : Vivado v.2018.3 (win64) Build 2405991 Thu Dec  6 23:38:27 MST 2018
| Date         : Tue Nov 12 15:26:36 2024
| Host         : DESKTOP-494Q00J running 64-bit major release  (build 9200)
| Command      : upgrade_ip
| Device       : xc7a100tfgg484-2
------------------------------------------------------------------------------------

Upgrade Log for IP 'vio_0'

1. Summary
----------

SUCCESS in the conversion of vio_0 (xilinx.com:ip:vio:3.0 (Rev. 19)) to Vivado generation flows.

