#-----------------------------------------------------------
# Vivado v2018.3 (64-bit)
# SW Build 2405991 on Thu Dec  6 23:38:27 MST 2018
# IP Build 2404404 on Fri Dec  7 01:43:56 MST 2018
# Start of session at: Tue Nov 12 10:49:45 2024
# Process ID: 5332
# Current directory: C:/Users/admin/Desktop/soc(带乘法器)/project_1
# Command line: vivado.exe -gui_launcher_event rodinguilauncherevent10180 C:\Users\admin\Desktop\soc(带乘法器)\project_1\project_1.xpr
# Log file: C:/Users/admin/Desktop/soc(带乘法器)/project_1/vivado.log
# Journal file: C:/Users/admin/Desktop/soc(带乘法器)/project_1\vivado.jou
#-----------------------------------------------------------
start_gui
open_project C:/Users/admin/project_1/project_1.xpr
Scanning sources...
Finished scanning sources
INFO: [IP_Flow 19-234] Refreshing IP repositories
INFO: [IP_Flow 19-1700] Loaded user IP repository 'c:/Users/admin/project_1/ip/rgb2dvi'.
INFO: [IP_Flow 19-2313] Loaded Vivado IP repository 'D:/Software/Xilinx/Vivado/2018.3/data/ip'.
open_project: Time (s): cpu = 00:00:13 ; elapsed = 00:00:06 . Memory (MB): peak = 784.570 ; gain = 18.254
update_compile_order -fileset sources_1
exit
INFO: [Common 17-206] Exiting Vivado at Tue Nov 12 10:50:40 2024...
