#-----------------------------------------------------------
# Vivado v2018.3 (64-bit)
# SW Build 2405991 on Thu Dec  6 23:38:27 MST 2018
# IP Build 2404404 on Fri Dec  7 01:43:56 MST 2018
# Start of session at: Tue Nov 12 03:19:47 2024
# Process ID: 13592
# Current directory: C:/Users/admin/Desktop/multiplier/project_1
# Command line: vivado.exe -gui_launcher_event rodinguilauncherevent15172 C:\Users\admin\Desktop\multiplier\project_1\project_1.xpr
# Log file: C:/Users/admin/Desktop/multiplier/project_1/vivado.log
# Journal file: C:/Users/admin/Desktop/multiplier/project_1\vivado.jou
#-----------------------------------------------------------
start_gui
open_project C:/Users/admin/Desktop/multiplier/project_1/project_1.xpr
Scanning sources...
Finished scanning sources
INFO: [IP_Flow 19-234] Refreshing IP repositories
INFO: [IP_Flow 19-1704] No user IP repositories specified
INFO: [IP_Flow 19-2313] Loaded Vivado IP repository 'D:/Software/Xilinx/Vivado/2018.3/data/ip'.
open_project: Time (s): cpu = 00:00:13 ; elapsed = 00:00:05 . Memory (MB): peak = 768.199 ; gain = 103.750
update_compile_order -fileset sources_1
open_hw
connect_hw_server
INFO: [Labtools 27-2285] Connecting to hw_server url TCP:localhost:3121
INFO: [Labtools 27-2222] Launching hw_server...
INFO: [Labtools 27-2221] Launch Output:

****** Xilinx hw_server v2018.3
  **** Build date : Dec  7 2018-00:40:27
    ** Copyright 1986-2018 Xilinx, Inc. All Rights Reserved.


open_hw_target
INFO: [Labtoolstcl 44-466] Opening hw_target localhost:3121/xilinx_tcf/Digilent/210357A7D00EA
set_property PROGRAM.FILE {C:/Users/admin/Desktop/multiplier/project_1/project_1.runs/impl_1/top.bit} [get_hw_devices xc7z020_1]
set_property PROBES.FILE {C:/Users/admin/Desktop/multiplier/project_1/project_1.runs/impl_1/top.ltx} [get_hw_devices xc7z020_1]
set_property FULL_PROBES.FILE {C:/Users/admin/Desktop/multiplier/project_1/project_1.runs/impl_1/top.ltx} [get_hw_devices xc7z020_1]
current_hw_device [get_hw_devices xc7z020_1]
refresh_hw_device [lindex [get_hw_devices xc7z020_1] 0]
INFO: [Labtools 27-2302] Device xc7z020 (JTAG device index = 1) is programmed with a design that has 1 JTAG AXI core(s).
INFO: [Labtools 27-2302] Device xc7z020 (JTAG device index = 1) is programmed with a design that has 1 VIO core(s).
source C:/Users/admin/Desktop/multiplier/project_1/arm/flashscript.tcl
# set_property OUTPUT_VALUE 1 [get_hw_probes bus_0/bram_0/dl]
# commit_hw_vio [get_hw_probes {bus_0/bram_0/dl}]
# create_hw_axi_txn wr_txn_lite [get_hw_axis hw_axi_1] -address 00000000 -data EA000000 -type write -force
# run_hw_axi wr_txn_lite
INFO: [Labtoolstcl 44-481] WRITE DATA is: EA000000
# create_hw_axi_txn wr_txn_lite [get_hw_axis hw_axi_1] -address 00000004 -data EA00000D -type write -force
# run_hw_axi wr_txn_lite
INFO: [Labtoolstcl 44-481] WRITE DATA is: EA00000D
# create_hw_axi_txn wr_txn_lite [get_hw_axis hw_axi_1] -address 00000008 -data E59F003C -type write -force
# run_hw_axi wr_txn_lite
INFO: [Labtoolstcl 44-481] WRITE DATA is: E59F003C
# create_hw_axi_txn wr_txn_lite [get_hw_axis hw_axi_1] -address 0000000c -data E59F103C -type write -force
# run_hw_axi wr_txn_lite
INFO: [Labtoolstcl 44-481] WRITE DATA is: E59F103C
# create_hw_axi_txn wr_txn_lite [get_hw_axis hw_axi_1] -address 00000010 -data E3A02000 -type write -force
# run_hw_axi wr_txn_lite
INFO: [Labtoolstcl 44-481] WRITE DATA is: E3A02000
# create_hw_axi_txn wr_txn_lite [get_hw_axis hw_axi_1] -address 00000014 -data EA000000 -type write -force
# run_hw_axi wr_txn_lite
INFO: [Labtoolstcl 44-481] WRITE DATA is: EA000000
# create_hw_axi_txn wr_txn_lite [get_hw_axis hw_axi_1] -address 00000018 -data E8A00004 -type write -force
# run_hw_axi wr_txn_lite
INFO: [Labtoolstcl 44-481] WRITE DATA is: E8A00004
# create_hw_axi_txn wr_txn_lite [get_hw_axis hw_axi_1] -address 0000001c -data E1500001 -type write -force
# run_hw_axi wr_txn_lite
INFO: [Labtoolstcl 44-481] WRITE DATA is: E1500001
# create_hw_axi_txn wr_txn_lite [get_hw_axis hw_axi_1] -address 00000020 -data 1AFFFFFC -type write -force
# run_hw_axi wr_txn_lite
INFO: [Labtoolstcl 44-481] WRITE DATA is: 1AFFFFFC
# create_hw_axi_txn wr_txn_lite [get_hw_axis hw_axi_1] -address 00000024 -data E59FD028 -type write -force
# run_hw_axi wr_txn_lite
INFO: [Labtoolstcl 44-481] WRITE DATA is: E59FD028
# create_hw_axi_txn wr_txn_lite [get_hw_axis hw_axi_1] -address 00000028 -data E1A0B00D -type write -force
# run_hw_axi wr_txn_lite
INFO: [Labtoolstcl 44-481] WRITE DATA is: E1A0B00D
# create_hw_axi_txn wr_txn_lite [get_hw_axis hw_axi_1] -address 0000002c -data E10F0000 -type write -force
# run_hw_axi wr_txn_lite
INFO: [Labtoolstcl 44-481] WRITE DATA is: E10F0000
# create_hw_axi_txn wr_txn_lite [get_hw_axis hw_axi_1] -address 00000030 -data E3C00080 -type write -force
# run_hw_axi wr_txn_lite
INFO: [Labtoolstcl 44-481] WRITE DATA is: E3C00080
# create_hw_axi_txn wr_txn_lite [get_hw_axis hw_axi_1] -address 00000034 -data E129F000 -type write -force
# run_hw_axi wr_txn_lite
INFO: [Labtoolstcl 44-481] WRITE DATA is: E129F000
# create_hw_axi_txn wr_txn_lite [get_hw_axis hw_axi_1] -address 00000038 -data EB0000A4 -type write -force
# run_hw_axi wr_txn_lite
INFO: [Labtoolstcl 44-481] WRITE DATA is: EB0000A4
# create_hw_axi_txn wr_txn_lite [get_hw_axis hw_axi_1] -address 0000003c -data EAFFFFFE -type write -force
# run_hw_axi wr_txn_lite
INFO: [Labtoolstcl 44-481] WRITE DATA is: EAFFFFFE
# create_hw_axi_txn wr_txn_lite [get_hw_axis hw_axi_1] -address 00000040 -data E92D4000 -type write -force
# run_hw_axi wr_txn_lite
INFO: [Labtoolstcl 44-481] WRITE DATA is: E92D4000
# create_hw_axi_txn wr_txn_lite [get_hw_axis hw_axi_1] -address 00000044 -data EB000063 -type write -force
# run_hw_axi wr_txn_lite
INFO: [Labtoolstcl 44-481] WRITE DATA is: EB000063
# create_hw_axi_txn wr_txn_lite [get_hw_axis hw_axi_1] -address 00000048 -data E8FD8000 -type write -force
# run_hw_axi wr_txn_lite
INFO: [Labtoolstcl 44-481] WRITE DATA is: E8FD8000
# create_hw_axi_txn wr_txn_lite [get_hw_axis hw_axi_1] -address 0000004c -data 00000378 -type write -force
# run_hw_axi wr_txn_lite
INFO: [Labtoolstcl 44-481] WRITE DATA is: 00000378
# create_hw_axi_txn wr_txn_lite [get_hw_axis hw_axi_1] -address 00000050 -data 00000378 -type write -force
# run_hw_axi wr_txn_lite
INFO: [Labtoolstcl 44-481] WRITE DATA is: 00000378
# create_hw_axi_txn wr_txn_lite [get_hw_axis hw_axi_1] -address 00000054 -data 00004000 -type write -force
# run_hw_axi wr_txn_lite
INFO: [Labtoolstcl 44-481] WRITE DATA is: 00004000
# create_hw_axi_txn wr_txn_lite [get_hw_axis hw_axi_1] -address 00000058 -data E52DB004 -type write -force
# run_hw_axi wr_txn_lite
INFO: [Labtoolstcl 44-481] WRITE DATA is: E52DB004
# create_hw_axi_txn wr_txn_lite [get_hw_axis hw_axi_1] -address 0000005c -data E28DB000 -type write -force
# run_hw_axi wr_txn_lite
INFO: [Labtoolstcl 44-481] WRITE DATA is: E28DB000
# create_hw_axi_txn wr_txn_lite [get_hw_axis hw_axi_1] -address 00000060 -data E24DD01C -type write -force
# run_hw_axi wr_txn_lite
INFO: [Labtoolstcl 44-481] WRITE DATA is: E24DD01C
# create_hw_axi_txn wr_txn_lite [get_hw_axis hw_axi_1] -address 00000064 -data E50B0010 -type write -force
# run_hw_axi wr_txn_lite
INFO: [Labtoolstcl 44-481] WRITE DATA is: E50B0010
# create_hw_axi_txn wr_txn_lite [get_hw_axis hw_axi_1] -address 00000068 -data E50B1014 -type write -force
# run_hw_axi wr_txn_lite
INFO: [Labtoolstcl 44-481] WRITE DATA is: E50B1014
# create_hw_axi_txn wr_txn_lite [get_hw_axis hw_axi_1] -address 0000006c -data E50B2018 -type write -force
# run_hw_axi wr_txn_lite
INFO: [Labtoolstcl 44-481] WRITE DATA is: E50B2018
# create_hw_axi_txn wr_txn_lite [get_hw_axis hw_axi_1] -address 00000070 -data E51B2014 -type write -force
# run_hw_axi wr_txn_lite
INFO: [Labtoolstcl 44-481] WRITE DATA is: E51B2014
# create_hw_axi_txn wr_txn_lite [get_hw_axis hw_axi_1] -address 00000074 -data E51B3018 -type write -force
# run_hw_axi wr_txn_lite
INFO: [Labtoolstcl 44-481] WRITE DATA is: E51B3018
# create_hw_axi_txn wr_txn_lite [get_hw_axis hw_axi_1] -address 00000078 -data E0823003 -type write -force
# run_hw_axi wr_txn_lite
INFO: [Labtoolstcl 44-481] WRITE DATA is: E0823003
# create_hw_axi_txn wr_txn_lite [get_hw_axis hw_axi_1] -address 0000007c -data E50B300C -type write -force
# run_hw_axi wr_txn_lite
INFO: [Labtoolstcl 44-481] WRITE DATA is: E50B300C
# create_hw_axi_txn wr_txn_lite [get_hw_axis hw_axi_1] -address 00000080 -data E51B3014 -type write -force
# run_hw_axi wr_txn_lite
INFO: [Labtoolstcl 44-481] WRITE DATA is: E51B3014
# create_hw_axi_txn wr_txn_lite [get_hw_axis hw_axi_1] -address 00000084 -data E50B3008 -type write -force
# run_hw_axi wr_txn_lite
INFO: [Labtoolstcl 44-481] WRITE DATA is: E50B3008
# create_hw_axi_txn wr_txn_lite [get_hw_axis hw_axi_1] -address 00000088 -data EA00000E -type write -force
# run_hw_axi wr_txn_lite
INFO: [Labtoolstcl 44-481] WRITE DATA is: EA00000E
# create_hw_axi_txn wr_txn_lite [get_hw_axis hw_axi_1] -address 0000008c -data E1A00000 -type write -force
# run_hw_axi wr_txn_lite
INFO: [Labtoolstcl 44-481] WRITE DATA is: E1A00000
# create_hw_axi_txn wr_txn_lite [get_hw_axis hw_axi_1] -address 00000090 -data E51B3010 -type write -force
# run_hw_axi wr_txn_lite
INFO: [Labtoolstcl 44-481] WRITE DATA is: E51B3010
# create_hw_axi_txn wr_txn_lite [get_hw_axis hw_axi_1] -address 00000094 -data E5933004 -type write -force
# run_hw_axi wr_txn_lite
INFO: [Labtoolstcl 44-481] WRITE DATA is: E5933004
# create_hw_axi_txn wr_txn_lite [get_hw_axis hw_axi_1] -address 00000098 -data E1A03803 -type write -force
# run_hw_axi wr_txn_lite
INFO: [Labtoolstcl 44-481] WRITE DATA is: E1A03803
# create_hw_axi_txn wr_txn_lite [get_hw_axis hw_axi_1] -address 0000009c -data E1A03823 -type write -force
# run_hw_axi wr_txn_lite
INFO: [Labtoolstcl 44-481] WRITE DATA is: E1A03823
# create_hw_axi_txn wr_txn_lite [get_hw_axis hw_axi_1] -address 000000a0 -data E3530000 -type write -force
# run_hw_axi wr_txn_lite
INFO: [Labtoolstcl 44-481] WRITE DATA is: E3530000
# create_hw_axi_txn wr_txn_lite [get_hw_axis hw_axi_1] -address 000000a4 -data 1AFFFFF9 -type write -force
# run_hw_axi wr_txn_lite
INFO: [Labtoolstcl 44-481] WRITE DATA is: 1AFFFFF9
# create_hw_axi_txn wr_txn_lite [get_hw_axis hw_axi_1] -address 000000a8 -data E51B3008 -type write -force
# run_hw_axi wr_txn_lite
INFO: [Labtoolstcl 44-481] WRITE DATA is: E51B3008
# create_hw_axi_txn wr_txn_lite [get_hw_axis hw_axi_1] -address 000000ac -data E5D33000 -type write -force
# run_hw_axi wr_txn_lite
INFO: [Labtoolstcl 44-481] WRITE DATA is: E5D33000
# create_hw_axi_txn wr_txn_lite [get_hw_axis hw_axi_1] -address 000000b0 -data E1A02003 -type write -force
# run_hw_axi wr_txn_lite
INFO: [Labtoolstcl 44-481] WRITE DATA is: E1A02003
# create_hw_axi_txn wr_txn_lite [get_hw_axis hw_axi_1] -address 000000b4 -data E51B3010 -type write -force
# run_hw_axi wr_txn_lite
INFO: [Labtoolstcl 44-481] WRITE DATA is: E51B3010
# create_hw_axi_txn wr_txn_lite [get_hw_axis hw_axi_1] -address 000000b8 -data E5832000 -type write -force
# run_hw_axi wr_txn_lite
INFO: [Labtoolstcl 44-481] WRITE DATA is: E5832000
# create_hw_axi_txn wr_txn_lite [get_hw_axis hw_axi_1] -address 000000bc -data E51B3008 -type write -force
# run_hw_axi wr_txn_lite
INFO: [Labtoolstcl 44-481] WRITE DATA is: E51B3008
# create_hw_axi_txn wr_txn_lite [get_hw_axis hw_axi_1] -address 000000c0 -data E2833001 -type write -force
# run_hw_axi wr_txn_lite
INFO: [Labtoolstcl 44-481] WRITE DATA is: E2833001
# create_hw_axi_txn wr_txn_lite [get_hw_axis hw_axi_1] -address 000000c4 -data E50B3008 -type write -force
# run_hw_axi wr_txn_lite
INFO: [Labtoolstcl 44-481] WRITE DATA is: E50B3008
# create_hw_axi_txn wr_txn_lite [get_hw_axis hw_axi_1] -address 000000c8 -data E51B2008 -type write -force
# run_hw_axi wr_txn_lite
INFO: [Labtoolstcl 44-481] WRITE DATA is: E51B2008
# create_hw_axi_txn wr_txn_lite [get_hw_axis hw_axi_1] -address 000000cc -data E51B300C -type write -force
# run_hw_axi wr_txn_lite
INFO: [Labtoolstcl 44-481] WRITE DATA is: E51B300C
# create_hw_axi_txn wr_txn_lite [get_hw_axis hw_axi_1] -address 000000d0 -data E1520003 -type write -force
# run_hw_axi wr_txn_lite
INFO: [Labtoolstcl 44-481] WRITE DATA is: E1520003
# create_hw_axi_txn wr_txn_lite [get_hw_axis hw_axi_1] -address 000000d4 -data 1AFFFFEC -type write -force
# run_hw_axi wr_txn_lite
INFO: [Labtoolstcl 44-481] WRITE DATA is: 1AFFFFEC
# create_hw_axi_txn wr_txn_lite [get_hw_axis hw_axi_1] -address 000000d8 -data E1A00000 -type write -force
# run_hw_axi wr_txn_lite
INFO: [Labtoolstcl 44-481] WRITE DATA is: E1A00000
# create_hw_axi_txn wr_txn_lite [get_hw_axis hw_axi_1] -address 000000dc -data E1A00000 -type write -force
# run_hw_axi wr_txn_lite
INFO: [Labtoolstcl 44-481] WRITE DATA is: E1A00000
# create_hw_axi_txn wr_txn_lite [get_hw_axis hw_axi_1] -address 000000e0 -data E28BD000 -type write -force
# run_hw_axi wr_txn_lite
INFO: [Labtoolstcl 44-481] WRITE DATA is: E28BD000
# create_hw_axi_txn wr_txn_lite [get_hw_axis hw_axi_1] -address 000000e4 -data E49DB004 -type write -force
# run_hw_axi wr_txn_lite
INFO: [Labtoolstcl 44-481] WRITE DATA is: E49DB004
# create_hw_axi_txn wr_txn_lite [get_hw_axis hw_axi_1] -address 000000e8 -data E1A0F00E -type write -force
# run_hw_axi wr_txn_lite
INFO: [Labtoolstcl 44-481] WRITE DATA is: E1A0F00E
# create_hw_axi_txn wr_txn_lite [get_hw_axis hw_axi_1] -address 000000ec -data E52DB004 -type write -force
# run_hw_axi wr_txn_lite
INFO: [Labtoolstcl 44-481] WRITE DATA is: E52DB004
# create_hw_axi_txn wr_txn_lite [get_hw_axis hw_axi_1] -address 000000f0 -data E28DB000 -type write -force
# run_hw_axi wr_txn_lite
INFO: [Labtoolstcl 44-481] WRITE DATA is: E28DB000
# create_hw_axi_txn wr_txn_lite [get_hw_axis hw_axi_1] -address 000000f4 -data E24DD01C -type write -force
# run_hw_axi wr_txn_lite
INFO: [Labtoolstcl 44-481] WRITE DATA is: E24DD01C
# create_hw_axi_txn wr_txn_lite [get_hw_axis hw_axi_1] -address 000000f8 -data E50B0010 -type write -force
# run_hw_axi wr_txn_lite
INFO: [Labtoolstcl 44-481] WRITE DATA is: E50B0010
# create_hw_axi_txn wr_txn_lite [get_hw_axis hw_axi_1] -address 000000fc -data E50B1014 -type write -force
# run_hw_axi wr_txn_lite
INFO: [Labtoolstcl 44-481] WRITE DATA is: E50B1014
# create_hw_axi_txn wr_txn_lite [get_hw_axis hw_axi_1] -address 00000100 -data E50B2018 -type write -force
# run_hw_axi wr_txn_lite
INFO: [Labtoolstcl 44-481] WRITE DATA is: E50B2018
# create_hw_axi_txn wr_txn_lite [get_hw_axis hw_axi_1] -address 00000104 -data E51B2014 -type write -force
# run_hw_axi wr_txn_lite
INFO: [Labtoolstcl 44-481] WRITE DATA is: E51B2014
# create_hw_axi_txn wr_txn_lite [get_hw_axis hw_axi_1] -address 00000108 -data E51B3018 -type write -force
# run_hw_axi wr_txn_lite
INFO: [Labtoolstcl 44-481] WRITE DATA is: E51B3018
# create_hw_axi_txn wr_txn_lite [get_hw_axis hw_axi_1] -address 0000010c -data E0823003 -type write -force
# run_hw_axi wr_txn_lite
INFO: [Labtoolstcl 44-481] WRITE DATA is: E0823003
# create_hw_axi_txn wr_txn_lite [get_hw_axis hw_axi_1] -address 00000110 -data E50B300C -type write -force
# run_hw_axi wr_txn_lite
INFO: [Labtoolstcl 44-481] WRITE DATA is: E50B300C
# create_hw_axi_txn wr_txn_lite [get_hw_axis hw_axi_1] -address 00000114 -data E51B3014 -type write -force
# run_hw_axi wr_txn_lite
INFO: [Labtoolstcl 44-481] WRITE DATA is: E51B3014
# create_hw_axi_txn wr_txn_lite [get_hw_axis hw_axi_1] -address 00000118 -data E50B3008 -type write -force
# run_hw_axi wr_txn_lite
INFO: [Labtoolstcl 44-481] WRITE DATA is: E50B3008
# create_hw_axi_txn wr_txn_lite [get_hw_axis hw_axi_1] -address 0000011c -data EA00000F -type write -force
# run_hw_axi wr_txn_lite
INFO: [Labtoolstcl 44-481] WRITE DATA is: EA00000F
# create_hw_axi_txn wr_txn_lite [get_hw_axis hw_axi_1] -address 00000120 -data E1A00000 -type write -force
# run_hw_axi wr_txn_lite
INFO: [Labtoolstcl 44-481] WRITE DATA is: E1A00000
# create_hw_axi_txn wr_txn_lite [get_hw_axis hw_axi_1] -address 00000124 -data E51B3010 -type write -force
# run_hw_axi wr_txn_lite
INFO: [Labtoolstcl 44-481] WRITE DATA is: E51B3010
# create_hw_axi_txn wr_txn_lite [get_hw_axis hw_axi_1] -address 00000128 -data E5933004 -type write -force
# run_hw_axi wr_txn_lite
INFO: [Labtoolstcl 44-481] WRITE DATA is: E5933004
# create_hw_axi_txn wr_txn_lite [get_hw_axis hw_axi_1] -address 0000012c -data E1A03823 -type write -force
# run_hw_axi wr_txn_lite
INFO: [Labtoolstcl 44-481] WRITE DATA is: E1A03823
# create_hw_axi_txn wr_txn_lite [get_hw_axis hw_axi_1] -address 00000130 -data E1A03803 -type write -force
# run_hw_axi wr_txn_lite
INFO: [Labtoolstcl 44-481] WRITE DATA is: E1A03803
# create_hw_axi_txn wr_txn_lite [get_hw_axis hw_axi_1] -address 00000134 -data E1A03823 -type write -force
# run_hw_axi wr_txn_lite
INFO: [Labtoolstcl 44-481] WRITE DATA is: E1A03823
# create_hw_axi_txn wr_txn_lite [get_hw_axis hw_axi_1] -address 00000138 -data E3530000 -type write -force
# run_hw_axi wr_txn_lite
INFO: [Labtoolstcl 44-481] WRITE DATA is: E3530000
# create_hw_axi_txn wr_txn_lite [get_hw_axis hw_axi_1] -address 0000013c -data 1AFFFFF8 -type write -force
# run_hw_axi wr_txn_lite
INFO: [Labtoolstcl 44-481] WRITE DATA is: 1AFFFFF8
# create_hw_axi_txn wr_txn_lite [get_hw_axis hw_axi_1] -address 00000140 -data E51B3010 -type write -force
# run_hw_axi wr_txn_lite
INFO: [Labtoolstcl 44-481] WRITE DATA is: E51B3010
# create_hw_axi_txn wr_txn_lite [get_hw_axis hw_axi_1] -address 00000144 -data E5933000 -type write -force
# run_hw_axi wr_txn_lite
INFO: [Labtoolstcl 44-481] WRITE DATA is: E5933000
# create_hw_axi_txn wr_txn_lite [get_hw_axis hw_axi_1] -address 00000148 -data E20320FF -type write -force
# run_hw_axi wr_txn_lite
INFO: [Labtoolstcl 44-481] WRITE DATA is: E20320FF
# create_hw_axi_txn wr_txn_lite [get_hw_axis hw_axi_1] -address 0000014c -data E51B3008 -type write -force
# run_hw_axi wr_txn_lite
INFO: [Labtoolstcl 44-481] WRITE DATA is: E51B3008
# create_hw_axi_txn wr_txn_lite [get_hw_axis hw_axi_1] -address 00000150 -data E5C32000 -type write -force
# run_hw_axi wr_txn_lite
INFO: [Labtoolstcl 44-481] WRITE DATA is: E5C32000
# create_hw_axi_txn wr_txn_lite [get_hw_axis hw_axi_1] -address 00000154 -data E51B3008 -type write -force
# run_hw_axi wr_txn_lite
INFO: [Labtoolstcl 44-481] WRITE DATA is: E51B3008
# create_hw_axi_txn wr_txn_lite [get_hw_axis hw_axi_1] -address 00000158 -data E2833001 -type write -force
# run_hw_axi wr_txn_lite
INFO: [Labtoolstcl 44-481] WRITE DATA is: E2833001
# create_hw_axi_txn wr_txn_lite [get_hw_axis hw_axi_1] -address 0000015c -data E50B3008 -type write -force
# run_hw_axi wr_txn_lite
INFO: [Labtoolstcl 44-481] WRITE DATA is: E50B3008
# create_hw_axi_txn wr_txn_lite [get_hw_axis hw_axi_1] -address 00000160 -data E51B2008 -type write -force
# run_hw_axi wr_txn_lite
INFO: [Labtoolstcl 44-481] WRITE DATA is: E51B2008
# create_hw_axi_txn wr_txn_lite [get_hw_axis hw_axi_1] -address 00000164 -data E51B300C -type write -force
# run_hw_axi wr_txn_lite
INFO: [Labtoolstcl 44-481] WRITE DATA is: E51B300C
# create_hw_axi_txn wr_txn_lite [get_hw_axis hw_axi_1] -address 00000168 -data E1520003 -type write -force
# run_hw_axi wr_txn_lite
INFO: [Labtoolstcl 44-481] WRITE DATA is: E1520003
# create_hw_axi_txn wr_txn_lite [get_hw_axis hw_axi_1] -address 0000016c -data 1AFFFFEB -type write -force
# run_hw_axi wr_txn_lite
INFO: [Labtoolstcl 44-481] WRITE DATA is: 1AFFFFEB
# create_hw_axi_txn wr_txn_lite [get_hw_axis hw_axi_1] -address 00000170 -data E1A00000 -type write -force
# run_hw_axi wr_txn_lite
INFO: [Labtoolstcl 44-481] WRITE DATA is: E1A00000
# create_hw_axi_txn wr_txn_lite [get_hw_axis hw_axi_1] -address 00000174 -data E1A00000 -type write -force
# run_hw_axi wr_txn_lite
INFO: [Labtoolstcl 44-481] WRITE DATA is: E1A00000
# create_hw_axi_txn wr_txn_lite [get_hw_axis hw_axi_1] -address 00000178 -data E28BD000 -type write -force
# run_hw_axi wr_txn_lite
INFO: [Labtoolstcl 44-481] WRITE DATA is: E28BD000
# create_hw_axi_txn wr_txn_lite [get_hw_axis hw_axi_1] -address 0000017c -data E49DB004 -type write -force
# run_hw_axi wr_txn_lite
INFO: [Labtoolstcl 44-481] WRITE DATA is: E49DB004
# create_hw_axi_txn wr_txn_lite [get_hw_axis hw_axi_1] -address 00000180 -data E1A0F00E -type write -force
# run_hw_axi wr_txn_lite
INFO: [Labtoolstcl 44-481] WRITE DATA is: E1A0F00E
# create_hw_axi_txn wr_txn_lite [get_hw_axis hw_axi_1] -address 00000184 -data E52DB004 -type write -force
# run_hw_axi wr_txn_lite
INFO: [Labtoolstcl 44-481] WRITE DATA is: E52DB004
# create_hw_axi_txn wr_txn_lite [get_hw_axis hw_axi_1] -address 00000188 -data E28DB000 -type write -force
# run_hw_axi wr_txn_lite
INFO: [Labtoolstcl 44-481] WRITE DATA is: E28DB000
# create_hw_axi_txn wr_txn_lite [get_hw_axis hw_axi_1] -address 0000018c -data E24DD014 -type write -force
# run_hw_axi wr_txn_lite
INFO: [Labtoolstcl 44-481] WRITE DATA is: E24DD014
INFO: [Common 17-14] Message 'Labtoolstcl 44-481' appears 100 times and further instances of the messages will be disabled. Use the Tcl command set_msg_config to change the current settings.
# create_hw_axi_txn wr_txn_lite [get_hw_axis hw_axi_1] -address 00000190 -data E50B0010 -type write -force
# run_hw_axi wr_txn_lite
# create_hw_axi_txn wr_txn_lite [get_hw_axis hw_axi_1] -address 00000194 -data E51B3010 -type write -force
# run_hw_axi wr_txn_lite
# create_hw_axi_txn wr_txn_lite [get_hw_axis hw_axi_1] -address 00000198 -data E50B3008 -type write -force
# run_hw_axi wr_txn_lite
# create_hw_axi_txn wr_txn_lite [get_hw_axis hw_axi_1] -address 0000019c -data E1A00000 -type write -force
# run_hw_axi wr_txn_lite
# create_hw_axi_txn wr_txn_lite [get_hw_axis hw_axi_1] -address 000001a0 -data E51B3008 -type write -force
# run_hw_axi wr_txn_lite
# create_hw_axi_txn wr_txn_lite [get_hw_axis hw_axi_1] -address 000001a4 -data E2832001 -type write -force
# run_hw_axi wr_txn_lite
# create_hw_axi_txn wr_txn_lite [get_hw_axis hw_axi_1] -address 000001a8 -data E50B2008 -type write -force
# run_hw_axi wr_txn_lite
# create_hw_axi_txn wr_txn_lite [get_hw_axis hw_axi_1] -address 000001ac -data E5D33000 -type write -force
# run_hw_axi wr_txn_lite
# create_hw_axi_txn wr_txn_lite [get_hw_axis hw_axi_1] -address 000001b0 -data E3530000 -type write -force
# run_hw_axi wr_txn_lite
# create_hw_axi_txn wr_txn_lite [get_hw_axis hw_axi_1] -address 000001b4 -data 1AFFFFF9 -type write -force
# run_hw_axi wr_txn_lite
# create_hw_axi_txn wr_txn_lite [get_hw_axis hw_axi_1] -address 000001b8 -data E51B2008 -type write -force
# run_hw_axi wr_txn_lite
# create_hw_axi_txn wr_txn_lite [get_hw_axis hw_axi_1] -address 000001bc -data E51B3010 -type write -force
# run_hw_axi wr_txn_lite
# create_hw_axi_txn wr_txn_lite [get_hw_axis hw_axi_1] -address 000001c0 -data E0423003 -type write -force
# run_hw_axi wr_txn_lite
# create_hw_axi_txn wr_txn_lite [get_hw_axis hw_axi_1] -address 000001c4 -data E2433001 -type write -force
# run_hw_axi wr_txn_lite
# create_hw_axi_txn wr_txn_lite [get_hw_axis hw_axi_1] -address 000001c8 -data E1A00003 -type write -force
# run_hw_axi wr_txn_lite
# create_hw_axi_txn wr_txn_lite [get_hw_axis hw_axi_1] -address 000001cc -data E28BD000 -type write -force
# run_hw_axi wr_txn_lite
# create_hw_axi_txn wr_txn_lite [get_hw_axis hw_axi_1] -address 000001d0 -data E49DB004 -type write -force
# run_hw_axi wr_txn_lite
# create_hw_axi_txn wr_txn_lite [get_hw_axis hw_axi_1] -address 000001d4 -data E1A0F00E -type write -force
# run_hw_axi wr_txn_lite
# create_hw_axi_txn wr_txn_lite [get_hw_axis hw_axi_1] -address 000001d8 -data E92D4800 -type write -force
# run_hw_axi wr_txn_lite
# create_hw_axi_txn wr_txn_lite [get_hw_axis hw_axi_1] -address 000001dc -data E28DB004 -type write -force
# run_hw_axi wr_txn_lite
# create_hw_axi_txn wr_txn_lite [get_hw_axis hw_axi_1] -address 000001e0 -data E24DD010 -type write -force
# run_hw_axi wr_txn_lite
# create_hw_axi_txn wr_txn_lite [get_hw_axis hw_axi_1] -address 000001e4 -data E50B0010 -type write -force
# run_hw_axi wr_txn_lite
# create_hw_axi_txn wr_txn_lite [get_hw_axis hw_axi_1] -address 000001e8 -data EA000003 -type write -force
# run_hw_axi wr_txn_lite
# create_hw_axi_txn wr_txn_lite [get_hw_axis hw_axi_1] -address 000001ec -data E3A03901 -type write -force
# run_hw_axi wr_txn_lite
# create_hw_axi_txn wr_txn_lite [get_hw_axis hw_axi_1] -address 000001f0 -data E5933000 -type write -force
# run_hw_axi wr_txn_lite
# create_hw_axi_txn wr_txn_lite [get_hw_axis hw_axi_1] -address 000001f4 -data E20330FF -type write -force
# run_hw_axi wr_txn_lite
# create_hw_axi_txn wr_txn_lite [get_hw_axis hw_axi_1] -address 000001f8 -data E54B3005 -type write -force
# run_hw_axi wr_txn_lite
# create_hw_axi_txn wr_txn_lite [get_hw_axis hw_axi_1] -address 000001fc -data E3A03901 -type write -force
# run_hw_axi wr_txn_lite
# create_hw_axi_txn wr_txn_lite [get_hw_axis hw_axi_1] -address 00000200 -data E5933004 -type write -force
# run_hw_axi wr_txn_lite
# create_hw_axi_txn wr_txn_lite [get_hw_axis hw_axi_1] -address 00000204 -data E1A03823 -type write -force
# run_hw_axi wr_txn_lite
# create_hw_axi_txn wr_txn_lite [get_hw_axis hw_axi_1] -address 00000208 -data E1A03803 -type write -force
# run_hw_axi wr_txn_lite
# create_hw_axi_txn wr_txn_lite [get_hw_axis hw_axi_1] -address 0000020c -data E1A03823 -type write -force
# run_hw_axi wr_txn_lite
# create_hw_axi_txn wr_txn_lite [get_hw_axis hw_axi_1] -address 00000210 -data E3530000 -type write -force
# run_hw_axi wr_txn_lite
# create_hw_axi_txn wr_txn_lite [get_hw_axis hw_axi_1] -address 00000214 -data 0AFFFFF4 -type write -force
# run_hw_axi wr_txn_lite
# create_hw_axi_txn wr_txn_lite [get_hw_axis hw_axi_1] -address 00000218 -data E3A02003 -type write -force
# run_hw_axi wr_txn_lite
# create_hw_axi_txn wr_txn_lite [get_hw_axis hw_axi_1] -address 0000021c -data E59F1034 -type write -force
# run_hw_axi wr_txn_lite
# create_hw_axi_txn wr_txn_lite [get_hw_axis hw_axi_1] -address 00000220 -data E3A00901 -type write -force
# run_hw_axi wr_txn_lite
# create_hw_axi_txn wr_txn_lite [get_hw_axis hw_axi_1] -address 00000224 -data EBFFFF8B -type write -force
# run_hw_axi wr_txn_lite
# create_hw_axi_txn wr_txn_lite [get_hw_axis hw_axi_1] -address 00000228 -data E24B3005 -type write -force
# run_hw_axi wr_txn_lite
# create_hw_axi_txn wr_txn_lite [get_hw_axis hw_axi_1] -address 0000022c -data E3A02001 -type write -force
# run_hw_axi wr_txn_lite
# create_hw_axi_txn wr_txn_lite [get_hw_axis hw_axi_1] -address 00000230 -data E1A01003 -type write -force
# run_hw_axi wr_txn_lite
# create_hw_axi_txn wr_txn_lite [get_hw_axis hw_axi_1] -address 00000234 -data E3A00901 -type write -force
# run_hw_axi wr_txn_lite
# create_hw_axi_txn wr_txn_lite [get_hw_axis hw_axi_1] -address 00000238 -data EBFFFF86 -type write -force
# run_hw_axi wr_txn_lite
# create_hw_axi_txn wr_txn_lite [get_hw_axis hw_axi_1] -address 0000023c -data E3A02003 -type write -force
# run_hw_axi wr_txn_lite
# create_hw_axi_txn wr_txn_lite [get_hw_axis hw_axi_1] -address 00000240 -data E59F1014 -type write -force
# run_hw_axi wr_txn_lite
# create_hw_axi_txn wr_txn_lite [get_hw_axis hw_axi_1] -address 00000244 -data E3A00901 -type write -force
# run_hw_axi wr_txn_lite
# create_hw_axi_txn wr_txn_lite [get_hw_axis hw_axi_1] -address 00000248 -data EBFFFF82 -type write -force
# run_hw_axi wr_txn_lite
# create_hw_axi_txn wr_txn_lite [get_hw_axis hw_axi_1] -address 0000024c -data E1A00000 -type write -force
# run_hw_axi wr_txn_lite
# create_hw_axi_txn wr_txn_lite [get_hw_axis hw_axi_1] -address 00000250 -data E24BD004 -type write -force
# run_hw_axi wr_txn_lite
# create_hw_axi_txn wr_txn_lite [get_hw_axis hw_axi_1] -address 00000254 -data E8BD8800 -type write -force
# run_hw_axi wr_txn_lite
# create_hw_axi_txn wr_txn_lite [get_hw_axis hw_axi_1] -address 00000258 -data 00000360 -type write -force
# run_hw_axi wr_txn_lite
# create_hw_axi_txn wr_txn_lite [get_hw_axis hw_axi_1] -address 0000025c -data 00000364 -type write -force
# run_hw_axi wr_txn_lite
# create_hw_axi_txn wr_txn_lite [get_hw_axis hw_axi_1] -address 00000260 -data E92D4810 -type write -force
# run_hw_axi wr_txn_lite
# create_hw_axi_txn wr_txn_lite [get_hw_axis hw_axi_1] -address 00000264 -data E28DB008 -type write -force
# run_hw_axi wr_txn_lite
# create_hw_axi_txn wr_txn_lite [get_hw_axis hw_axi_1] -address 00000268 -data E24DD00C -type write -force
# run_hw_axi wr_txn_lite
# create_hw_axi_txn wr_txn_lite [get_hw_axis hw_axi_1] -address 0000026c -data E50B0010 -type write -force
# run_hw_axi wr_txn_lite
# create_hw_axi_txn wr_txn_lite [get_hw_axis hw_axi_1] -address 00000270 -data E51B3010 -type write -force
# run_hw_axi wr_txn_lite
# create_hw_axi_txn wr_txn_lite [get_hw_axis hw_axi_1] -address 00000274 -data E3530000 -type write -force
# run_hw_axi wr_txn_lite
# create_hw_axi_txn wr_txn_lite [get_hw_axis hw_axi_1] -address 00000278 -data 1A000001 -type write -force
# run_hw_axi wr_txn_lite
# create_hw_axi_txn wr_txn_lite [get_hw_axis hw_axi_1] -address 0000027c -data E3A03000 -type write -force
# run_hw_axi wr_txn_lite
# create_hw_axi_txn wr_txn_lite [get_hw_axis hw_axi_1] -address 00000280 -data EA00000F -type write -force
# run_hw_axi wr_txn_lite
# create_hw_axi_txn wr_txn_lite [get_hw_axis hw_axi_1] -address 00000284 -data E51B3010 -type write -force
# run_hw_axi wr_txn_lite
# create_hw_axi_txn wr_txn_lite [get_hw_axis hw_axi_1] -address 00000288 -data E3530001 -type write -force
# run_hw_axi wr_txn_lite
# create_hw_axi_txn wr_txn_lite [get_hw_axis hw_axi_1] -address 0000028c -data 1A000001 -type write -force
# run_hw_axi wr_txn_lite
# create_hw_axi_txn wr_txn_lite [get_hw_axis hw_axi_1] -address 00000290 -data E3A03001 -type write -force
# run_hw_axi wr_txn_lite
# create_hw_axi_txn wr_txn_lite [get_hw_axis hw_axi_1] -address 00000294 -data EA00000A -type write -force
# run_hw_axi wr_txn_lite
# create_hw_axi_txn wr_txn_lite [get_hw_axis hw_axi_1] -address 00000298 -data E51B3010 -type write -force
# run_hw_axi wr_txn_lite
# create_hw_axi_txn wr_txn_lite [get_hw_axis hw_axi_1] -address 0000029c -data E2433001 -type write -force
# run_hw_axi wr_txn_lite
# create_hw_axi_txn wr_txn_lite [get_hw_axis hw_axi_1] -address 000002a0 -data E1A00003 -type write -force
# run_hw_axi wr_txn_lite
# create_hw_axi_txn wr_txn_lite [get_hw_axis hw_axi_1] -address 000002a4 -data EBFFFFED -type write -force
# run_hw_axi wr_txn_lite
# create_hw_axi_txn wr_txn_lite [get_hw_axis hw_axi_1] -address 000002a8 -data E1A04000 -type write -force
# run_hw_axi wr_txn_lite
# create_hw_axi_txn wr_txn_lite [get_hw_axis hw_axi_1] -address 000002ac -data E51B3010 -type write -force
# run_hw_axi wr_txn_lite
# create_hw_axi_txn wr_txn_lite [get_hw_axis hw_axi_1] -address 000002b0 -data E2433002 -type write -force
# run_hw_axi wr_txn_lite
# create_hw_axi_txn wr_txn_lite [get_hw_axis hw_axi_1] -address 000002b4 -data E1A00003 -type write -force
# run_hw_axi wr_txn_lite
# create_hw_axi_txn wr_txn_lite [get_hw_axis hw_axi_1] -address 000002b8 -data EBFFFFE8 -type write -force
# run_hw_axi wr_txn_lite
# create_hw_axi_txn wr_txn_lite [get_hw_axis hw_axi_1] -address 000002bc -data E1A03000 -type write -force
# run_hw_axi wr_txn_lite
# create_hw_axi_txn wr_txn_lite [get_hw_axis hw_axi_1] -address 000002c0 -data E0843003 -type write -force
# run_hw_axi wr_txn_lite
# create_hw_axi_txn wr_txn_lite [get_hw_axis hw_axi_1] -address 000002c4 -data E1A00003 -type write -force
# run_hw_axi wr_txn_lite
# create_hw_axi_txn wr_txn_lite [get_hw_axis hw_axi_1] -address 000002c8 -data E24BD008 -type write -force
# run_hw_axi wr_txn_lite
# create_hw_axi_txn wr_txn_lite [get_hw_axis hw_axi_1] -address 000002cc -data E8BD8810 -type write -force
# run_hw_axi wr_txn_lite
# create_hw_axi_txn wr_txn_lite [get_hw_axis hw_axi_1] -address 000002d0 -data E92D4800 -type write -force
# run_hw_axi wr_txn_lite
# create_hw_axi_txn wr_txn_lite [get_hw_axis hw_axi_1] -address 000002d4 -data E28DB004 -type write -force
# run_hw_axi wr_txn_lite
# create_hw_axi_txn wr_txn_lite [get_hw_axis hw_axi_1] -address 000002d8 -data E24DD010 -type write -force
# run_hw_axi wr_txn_lite
# create_hw_axi_txn wr_txn_lite [get_hw_axis hw_axi_1] -address 000002dc -data E59F3074 -type write -force
# run_hw_axi wr_txn_lite
# create_hw_axi_txn wr_txn_lite [get_hw_axis hw_axi_1] -address 000002e0 -data E50B300C -type write -force
# run_hw_axi wr_txn_lite
# create_hw_axi_txn wr_txn_lite [get_hw_axis hw_axi_1] -address 000002e4 -data E3A03020 -type write -force
# run_hw_axi wr_txn_lite
# create_hw_axi_txn wr_txn_lite [get_hw_axis hw_axi_1] -address 000002e8 -data E50B3010 -type write -force
# run_hw_axi wr_txn_lite
# create_hw_axi_txn wr_txn_lite [get_hw_axis hw_axi_1] -address 000002ec -data E3A0000A -type write -force
# run_hw_axi wr_txn_lite
# create_hw_axi_txn wr_txn_lite [get_hw_axis hw_axi_1] -address 000002f0 -data EBFFFFDA -type write -force
# run_hw_axi wr_txn_lite
# create_hw_axi_txn wr_txn_lite [get_hw_axis hw_axi_1] -address 000002f4 -data E1A03000 -type write -force
# run_hw_axi wr_txn_lite
# create_hw_axi_txn wr_txn_lite [get_hw_axis hw_axi_1] -address 000002f8 -data E283301E -type write -force
# run_hw_axi wr_txn_lite
# create_hw_axi_txn wr_txn_lite [get_hw_axis hw_axi_1] -address 000002fc -data E50B3014 -type write -force
# run_hw_axi wr_txn_lite
# create_hw_axi_txn wr_txn_lite [get_hw_axis hw_axi_1] -address 00000300 -data E51B000C -type write -force
# run_hw_axi wr_txn_lite
# create_hw_axi_txn wr_txn_lite [get_hw_axis hw_axi_1] -address 00000304 -data EBFFFF9E -type write -force
# run_hw_axi wr_txn_lite
# create_hw_axi_txn wr_txn_lite [get_hw_axis hw_axi_1] -address 00000308 -data E1A03000 -type write -force
# run_hw_axi wr_txn_lite
# create_hw_axi_txn wr_txn_lite [get_hw_axis hw_axi_1] -address 0000030c -data E1A02003 -type write -force
# run_hw_axi wr_txn_lite
# create_hw_axi_txn wr_txn_lite [get_hw_axis hw_axi_1] -address 00000310 -data E51B100C -type write -force
# run_hw_axi wr_txn_lite
# create_hw_axi_txn wr_txn_lite [get_hw_axis hw_axi_1] -address 00000314 -data E3A00901 -type write -force
# run_hw_axi wr_txn_lite
# create_hw_axi_txn wr_txn_lite [get_hw_axis hw_axi_1] -address 00000318 -data EBFFFF4E -type write -force
# run_hw_axi wr_txn_lite
# create_hw_axi_txn wr_txn_lite [get_hw_axis hw_axi_1] -address 0000031c -data E24B3014 -type write -force
# run_hw_axi wr_txn_lite
# create_hw_axi_txn wr_txn_lite [get_hw_axis hw_axi_1] -address 00000320 -data E3A02001 -type write -force
# run_hw_axi wr_txn_lite
# create_hw_axi_txn wr_txn_lite [get_hw_axis hw_axi_1] -address 00000324 -data E1A01003 -type write -force
# run_hw_axi wr_txn_lite
# create_hw_axi_txn wr_txn_lite [get_hw_axis hw_axi_1] -address 00000328 -data E3A00901 -type write -force
# run_hw_axi wr_txn_lite
# create_hw_axi_txn wr_txn_lite [get_hw_axis hw_axi_1] -address 0000032c -data EBFFFF49 -type write -force
# run_hw_axi wr_txn_lite
# create_hw_axi_txn wr_txn_lite [get_hw_axis hw_axi_1] -address 00000330 -data E59F3024 -type write -force
# run_hw_axi wr_txn_lite
# create_hw_axi_txn wr_txn_lite [get_hw_axis hw_axi_1] -address 00000334 -data E50B3008 -type write -force
# run_hw_axi wr_txn_lite
# create_hw_axi_txn wr_txn_lite [get_hw_axis hw_axi_1] -address 00000338 -data EA000000 -type write -force
# run_hw_axi wr_txn_lite
# create_hw_axi_txn wr_txn_lite [get_hw_axis hw_axi_1] -address 0000033c -data E1A00000 -type write -force
# run_hw_axi wr_txn_lite
# create_hw_axi_txn wr_txn_lite [get_hw_axis hw_axi_1] -address 00000340 -data E51B3008 -type write -force
# run_hw_axi wr_txn_lite
# create_hw_axi_txn wr_txn_lite [get_hw_axis hw_axi_1] -address 00000344 -data E2432001 -type write -force
# run_hw_axi wr_txn_lite
# create_hw_axi_txn wr_txn_lite [get_hw_axis hw_axi_1] -address 00000348 -data E50B2008 -type write -force
# run_hw_axi wr_txn_lite
# create_hw_axi_txn wr_txn_lite [get_hw_axis hw_axi_1] -address 0000034c -data E3530000 -type write -force
# run_hw_axi wr_txn_lite
# create_hw_axi_txn wr_txn_lite [get_hw_axis hw_axi_1] -address 00000350 -data 1AFFFFF9 -type write -force
# run_hw_axi wr_txn_lite
# create_hw_axi_txn wr_txn_lite [get_hw_axis hw_axi_1] -address 00000354 -data EAFFFFE9 -type write -force
# run_hw_axi wr_txn_lite
# create_hw_axi_txn wr_txn_lite [get_hw_axis hw_axi_1] -address 00000358 -data 00000368 -type write -force
# run_hw_axi wr_txn_lite
# create_hw_axi_txn wr_txn_lite [get_hw_axis hw_axi_1] -address 0000035c -data 00989680 -type write -force
# run_hw_axi wr_txn_lite
# create_hw_axi_txn wr_txn_lite [get_hw_axis hw_axi_1] -address 00000360 -data 003C4945 -type write -force
# run_hw_axi wr_txn_lite
# create_hw_axi_txn wr_txn_lite [get_hw_axis hw_axi_1] -address 00000364 -data 0049513E -type write -force
# run_hw_axi wr_txn_lite
# create_hw_axi_txn wr_txn_lite [get_hw_axis hw_axi_1] -address 00000368 -data 6C6C6568 -type write -force
# run_hw_axi wr_txn_lite
# create_hw_axi_txn wr_txn_lite [get_hw_axis hw_axi_1] -address 0000036c -data 6F77206F -type write -force
# run_hw_axi wr_txn_lite
# create_hw_axi_txn wr_txn_lite [get_hw_axis hw_axi_1] -address 00000370 -data 21646C72 -type write -force
# run_hw_axi wr_txn_lite
# create_hw_axi_txn wr_txn_lite [get_hw_axis hw_axi_1] -address 00000374 -data FFFFFF00 -type write -force
# run_hw_axi wr_txn_lite
# set_property OUTPUT_VALUE 0 [get_hw_probes bus_0/bram_0/dl]
# commit_hw_vio [get_hw_probes {bus_0/bram_0/dl}]
close_hw
exit
INFO: [Common 17-206] Exiting Vivado at Tue Nov 12 03:40:37 2024...
